Arguments: 
  C:\Program Files\nodejs\node.exe C:\Program Files (x86)\Yarn\bin\yarn.js add -D sequelize-cli

PATH: 
  C:\Program Files\Docker\Docker\Resources\bin;C:\Program Files (x86)\Common Files\Oracle\Java\javapath;C:\ProgramData\Oracle\Java\javapath;C:\WINDOWS\system32;C:\WINDOWS;C:\WINDOWS\System32\Wbem;C:\Windows\SysWOW64\WindowsPowerShell\v1.0;C:\WINDOWS\System32\OpenSSH\;C:\Program Files (x86)\Yarn\bin\;C:\Users\Mika\AppData\Roaming\nvm;C:\Program Files\nodejs;C:\Program Files\Dart\dart-sdk\bin;C:\Program Files\Git\bin\git.exe;C:\Program Files\Git\cmd;C:\src\flutter\bin;C:\Program Files (x86)\AMD\ATI.ACE\Core-Static;C:\Program Files (x86)\QuickTime\QTSystem\;C:\platform-tools;C:\Windows\System32;C:\Users\Mika\AppData\Local\Programs\Python\Python37-32\Scripts\;C:\Users\Mika\AppData\Local\Programs\Python\Python37-32\;C:\Users\Mika\AppData\Local\Programs\Microsoft VS Code\bin;C:\Users\Mika\AppData\Roaming\npm;C:\Users\Mika\AppData\Local\Microsoft\WindowsApps;C:\Users\Mika\AppData\Local\Yarn\bin;C:\Users\Mika\AppData\Roaming\nvm;C:\Program Files\nodejs;C:\Program Files\Git\bin\git.exe;C:\Program Files\Git\cmd;C:\src\flutter\bin;C:\Program Files (x86)\heroku\bin

Yarn version: 
  1.13.0

Node version: 
  8.12.0

Platform: 
  win32 x64

Trace: 
  Error: EPERM: operation not permitted, lstat 'c:\Users\Mika\Programação e Desenvolvimento\volcanoes-db-app\node_modules\wkx\lib\wkx.d.ts'

npm manifest: 
  {
    "name": "volcanoes-db-app",
    "version": "1.0.0",
    "description": "",
    "main": "index.js",
    "scripts": {
      "test": "echo \"Error: no test specified\" && exit 1"
    },
    "keywords": [],
    "author": "",
    "license": "ISC",
    "dependencies": {
      "express": "^4.17.1",
      "sequelize": "^5.21.2"
    }
  }

yarn manifest: 
  No manifest

Lockfile: 
  No lockfile
